<?xml version="1.0" encoding="UTF-8"?>
<testsuite xmlns:xsi="http://www.w3.org/2001/XMLSchema-instance" xsi:noNamespaceSchemaLocation="https://maven.apache.org/surefire/maven-surefire-plugin/xsd/surefire-test-report.xsd" name="org.exemple.tp2.AppTest" time="0.121" tests="1" errors="0" skipped="0" failures="0">
  <properties>
    <property name="sun.desktop" value="gnome"/>
    <property name="awt.toolkit" value="sun.awt.X11.XToolkit"/>
    <property name="java.specification.version" value="11"/>
    <property name="sun.cpu.isalist" value=""/>
    <property name="sun.jnu.encoding" value="UTF-8"/>
    <property name="java.class.path" value="/home/lahsini/Desktop/SudDevOps/my-app/target/test-classes:/home/lahsini/Desktop/SudDevOps/my-app/target/classes:/home/lahsini/.m2/repository/junit/junit/4.11/junit-4.11.jar:/home/lahsini/.m2/repository/org/hamcrest/hamcrest-core/1.3/hamcrest-core-1.3.jar:/home/lahsini/.m2/repository/com/sun/xml/ws/jaxws-tools/2.2.5/jaxws-tools-2.2.5.jar:/home/lahsini/.m2/repository/com/sun/xml/ws/jaxws-rt/2.2.5/jaxws-rt-2.2.5.jar:/home/lahsini/.m2/repository/javax/xml/ws/jaxws-api/2.2.5/jaxws-api-2.2.5.jar:/home/lahsini/.m2/repository/javax/xml/bind/jaxb-api/2.2.3/jaxb-api-2.2.3.jar:/home/lahsini/.m2/repository/javax/xml/soap/saaj-api/1.3.3/saaj-api-1.3.3.jar:/home/lahsini/.m2/repository/org/glassfish/javax.annotation/3.1.1-b06/javax.annotation-3.1.1-b06.jar:/home/lahsini/.m2/repository/javax/jws/jsr181-api/1.0-MR1/jsr181-api-1.0-MR1.jar:/home/lahsini/.m2/repository/com/sun/xml/bind/jaxb-impl/2.2.4-1/jaxb-impl-2.2.4-1.jar:/home/lahsini/.m2/repository/com/sun/xml/messaging/saaj/saaj-impl/1.3.10/saaj-impl-1.3.10.jar:/home/lahsini/.m2/repository/com/sun/xml/stream/buffer/streambuffer/1.2/streambuffer-1.2.jar:/home/lahsini/.m2/repository/javax/activation/activation/1.1/activation-1.1.jar:/home/lahsini/.m2/repository/org/codehaus/woodstox/woodstox-core-asl/4.1.1/woodstox-core-asl-4.1.1.jar:/home/lahsini/.m2/repository/javax/xml/stream/stax-api/1.0-2/stax-api-1.0-2.jar:/home/lahsini/.m2/repository/org/codehaus/woodstox/stax2-api/3.1.1/stax2-api-3.1.1.jar:/home/lahsini/.m2/repository/org/jvnet/staxex/stax-ex/1.4/stax-ex-1.4.jar:/home/lahsini/.m2/repository/com/sun/org/apache/xml/internal/resolver/20050927/resolver-20050927.jar:/home/lahsini/.m2/repository/org/jvnet/mimepull/1.6/mimepull-1.6.jar:/home/lahsini/.m2/repository/com/sun/xml/ws/policy/2.2.2/policy-2.2.2.jar:/home/lahsini/.m2/repository/com/sun/xml/txw2/txw2/20090102/txw2-20090102.jar:/home/lahsini/.m2/repository/com/sun/istack/istack-commons-runtime/2.2.1/istack-commons-runtime-2.2.1.jar:/home/lahsini/.m2/repository/org/codehaus/woodstox/wstx-asl/3.2.3/wstx-asl-3.2.3.jar:/home/lahsini/.m2/repository/stax/stax-api/1.0.1/stax-api-1.0.1.jar:/home/lahsini/.m2/repository/org/glassfish/gmbal/gmbal-api-only/3.1.0-b001/gmbal-api-only-3.1.0-b001.jar:/home/lahsini/.m2/repository/org/glassfish/external/management-api/3.0.0-b012/management-api-3.0.0-b012.jar:/home/lahsini/.m2/repository/org/glassfish/ha/ha-api/3.1.8/ha-api-3.1.8.jar:/home/lahsini/.m2/repository/com/sun/xml/bind/jaxb-xjc/2.2.4-1/jaxb-xjc-2.2.4-1.jar:"/>
    <property name="java.vm.vendor" value="Ubuntu"/>
    <property name="sun.arch.data.model" value="64"/>
    <property name="java.vendor.url" value="https://ubuntu.com/"/>
    <property name="user.timezone" value=""/>
    <property name="java.vm.specification.version" value="11"/>
    <property name="os.name" value="Linux"/>
    <property name="sun.java.launcher" value="SUN_STANDARD"/>
    <property name="user.country" value="US"/>
    <property name="sun.boot.library.path" value="/usr/lib/jvm/java-11-openjdk-amd64/lib"/>
    <property name="sun.java.command" value="/home/lahsini/Desktop/SudDevOps/my-app/target/surefire/surefirebooter14496879340828098803.jar /home/lahsini/Desktop/SudDevOps/my-app/target/surefire 2021-03-28T22-24-32_821-jvmRun1 surefire6048522334115467929tmp surefire_08071878127398575833tmp"/>
    <property name="jdk.debug" value="release"/>
    <property name="surefire.test.class.path" value="/home/lahsini/Desktop/SudDevOps/my-app/target/test-classes:/home/lahsini/Desktop/SudDevOps/my-app/target/classes:/home/lahsini/.m2/repository/junit/junit/4.11/junit-4.11.jar:/home/lahsini/.m2/repository/org/hamcrest/hamcrest-core/1.3/hamcrest-core-1.3.jar:/home/lahsini/.m2/repository/com/sun/xml/ws/jaxws-tools/2.2.5/jaxws-tools-2.2.5.jar:/home/lahsini/.m2/repository/com/sun/xml/ws/jaxws-rt/2.2.5/jaxws-rt-2.2.5.jar:/home/lahsini/.m2/repository/javax/xml/ws/jaxws-api/2.2.5/jaxws-api-2.2.5.jar:/home/lahsini/.m2/repository/javax/xml/bind/jaxb-api/2.2.3/jaxb-api-2.2.3.jar:/home/lahsini/.m2/repository/javax/xml/soap/saaj-api/1.3.3/saaj-api-1.3.3.jar:/home/lahsini/.m2/repository/org/glassfish/javax.annotation/3.1.1-b06/javax.annotation-3.1.1-b06.jar:/home/lahsini/.m2/repository/javax/jws/jsr181-api/1.0-MR1/jsr181-api-1.0-MR1.jar:/home/lahsini/.m2/repository/com/sun/xml/bind/jaxb-impl/2.2.4-1/jaxb-impl-2.2.4-1.jar:/home/lahsini/.m2/repository/com/sun/xml/messaging/saaj/saaj-impl/1.3.10/saaj-impl-1.3.10.jar:/home/lahsini/.m2/repository/com/sun/xml/stream/buffer/streambuffer/1.2/streambuffer-1.2.jar:/home/lahsini/.m2/repository/javax/activation/activation/1.1/activation-1.1.jar:/home/lahsini/.m2/repository/org/codehaus/woodstox/woodstox-core-asl/4.1.1/woodstox-core-asl-4.1.1.jar:/home/lahsini/.m2/repository/javax/xml/stream/stax-api/1.0-2/stax-api-1.0-2.jar:/home/lahsini/.m2/repository/org/codehaus/woodstox/stax2-api/3.1.1/stax2-api-3.1.1.jar:/home/lahsini/.m2/repository/org/jvnet/staxex/stax-ex/1.4/stax-ex-1.4.jar:/home/lahsini/.m2/repository/com/sun/org/apache/xml/internal/resolver/20050927/resolver-20050927.jar:/home/lahsini/.m2/repository/org/jvnet/mimepull/1.6/mimepull-1.6.jar:/home/lahsini/.m2/repository/com/sun/xml/ws/policy/2.2.2/policy-2.2.2.jar:/home/lahsini/.m2/repository/com/sun/xml/txw2/txw2/20090102/txw2-20090102.jar:/home/lahsini/.m2/repository/com/sun/istack/istack-commons-runtime/2.2.1/istack-commons-runtime-2.2.1.jar:/home/lahsini/.m2/repository/org/codehaus/woodstox/wstx-asl/3.2.3/wstx-asl-3.2.3.jar:/home/lahsini/.m2/repository/stax/stax-api/1.0.1/stax-api-1.0.1.jar:/home/lahsini/.m2/repository/org/glassfish/gmbal/gmbal-api-only/3.1.0-b001/gmbal-api-only-3.1.0-b001.jar:/home/lahsini/.m2/repository/org/glassfish/external/management-api/3.0.0-b012/management-api-3.0.0-b012.jar:/home/lahsini/.m2/repository/org/glassfish/ha/ha-api/3.1.8/ha-api-3.1.8.jar:/home/lahsini/.m2/repository/com/sun/xml/bind/jaxb-xjc/2.2.4-1/jaxb-xjc-2.2.4-1.jar:"/>
    <property name="sun.cpu.endian" value="little"/>
    <property name="user.home" value="/home/lahsini"/>
    <property name="user.language" value="en"/>
    <property name="java.specification.vendor" value="Oracle Corporation"/>
    <property name="java.version.date" value="2021-01-19"/>
    <property name="java.home" value="/usr/lib/jvm/java-11-openjdk-amd64"/>
    <property name="file.separator" value="/"/>
    <property name="basedir" value="/home/lahsini/Desktop/SudDevOps/my-app"/>
    <property name="java.vm.compressedOopsMode" value="32-bit"/>
    <property name="line.separator" value="&#10;"/>
    <property name="java.specification.name" value="Java Platform API Specification"/>
    <property name="java.vm.specification.vendor" value="Oracle Corporation"/>
    <property name="java.awt.graphicsenv" value="sun.awt.X11GraphicsEnvironment"/>
    <property name="surefire.real.class.path" value="/home/lahsini/Desktop/SudDevOps/my-app/target/surefire/surefirebooter14496879340828098803.jar"/>
    <property name="sun.management.compiler" value="HotSpot 64-Bit Tiered Compilers"/>
    <property name="java.runtime.version" value="11.0.10+9-Ubuntu-0ubuntu1.20.04"/>
    <property name="user.name" value="lahsini"/>
    <property name="path.separator" value=":"/>
    <property name="os.version" value="5.8.0-48-generic"/>
    <property name="java.runtime.name" value="OpenJDK Runtime Environment"/>
    <property name="file.encoding" value="UTF-8"/>
    <property name="java.vm.name" value="OpenJDK 64-Bit Server VM"/>
    <property name="localRepository" value="/home/lahsini/.m2/repository"/>
    <property name="java.vendor.url.bug" value="https://bugs.launchpad.net/ubuntu/+source/openjdk-lts"/>
    <property name="java.io.tmpdir" value="/tmp"/>
    <property name="java.version" value="11.0.10"/>
    <property name="user.dir" value="/home/lahsini/Desktop/SudDevOps/my-app"/>
    <property name="os.arch" value="amd64"/>
    <property name="java.vm.specification.name" value="Java Virtual Machine Specification"/>
    <property name="java.awt.printerjob" value="sun.print.PSPrinterJob"/>
    <property name="sun.os.patch.level" value="unknown"/>
    <property name="java.library.path" value="/usr/java/packages/lib:/usr/lib/x86_64-linux-gnu/jni:/lib/x86_64-linux-gnu:/usr/lib/x86_64-linux-gnu:/usr/lib/jni:/lib:/usr/lib"/>
    <property name="java.vm.info" value="mixed mode"/>
    <property name="java.vendor" value="Ubuntu"/>
    <property name="java.vm.version" value="11.0.10+9-Ubuntu-0ubuntu1.20.04"/>
    <property name="sun.io.unicode.encoding" value="UnicodeLittle"/>
    <property name="java.class.version" value="55.0"/>
  </properties>
  <testcase name="shouldAnswerWithTrue" classname="org.exemple.tp2.AppTest" time="0.018"/>
</testsuite>